2025-05-16 02:35:29,242 - file_logger - WARNING - Starting Threads - GATHERING SCROLLS :)
2025-05-16 02:35:29,242 - file_logger - INFO - DZD Start
2025-05-16 02:35:29,243 - file_logger - INFO - AUD Start
2025-05-16 02:35:29,243 - file_logger - INFO - BWP Start
2025-05-16 02:35:29,244 - file_logger - INFO - BND Start
2025-05-16 02:35:29,244 - file_logger - INFO - CLP Start
2025-05-16 02:35:29,246 - file_logger - INFO - CNY Start
2025-05-16 02:35:29,246 - file_logger - INFO - CAD Start
2025-05-16 02:35:29,247 - file_logger - INFO - COP Start
2025-05-16 02:35:29,247 - file_logger - INFO - HUF Start
2025-05-16 02:35:29,249 - file_logger - INFO - INR Start
2025-05-16 02:35:29,250 - file_logger - INFO - CZK Start
2025-05-16 02:35:29,252 - file_logger - INFO - ISK Start
2025-05-16 02:35:29,254 - file_logger - INFO - ILS Start
2025-05-16 02:35:29,255 - file_logger - INFO - KZT Start
2025-05-16 02:35:29,255 - file_logger - INFO - IDR Start
2025-05-16 02:35:29,257 - file_logger - INFO - KWD Start
2025-05-16 02:35:29,258 - file_logger - INFO - KRW Start
2025-05-16 02:35:29,260 - file_logger - INFO - LYD Start
2025-05-16 02:35:29,260 - file_logger - INFO - DKK Start
2025-05-16 02:35:29,261 - file_logger - INFO - MYR Start
2025-05-16 02:35:29,262 - file_logger - INFO - MUR Start
2025-05-16 02:35:29,263 - file_logger - INFO - PLN Start
2025-05-16 02:35:29,263 - file_logger - INFO - NZD Start
2025-05-16 02:35:29,264 - file_logger - INFO - NOK Start
2025-05-16 02:35:29,264 - file_logger - INFO - OMR Start
2025-05-16 02:35:29,266 - file_logger - INFO - PKR Start
2025-05-16 02:35:29,268 - file_logger - INFO - LKR Start
2025-05-16 02:35:29,268 - file_logger - INFO - SEK Start
2025-05-16 02:35:29,270 - file_logger - INFO - RUB Start
2025-05-16 02:35:29,270 - file_logger - INFO - CHF Start
2025-05-16 02:35:29,270 - file_logger - INFO - SAR Start
2025-05-16 02:35:29,273 - file_logger - INFO - NPR Start
2025-05-16 02:35:29,275 - file_logger - INFO - QAR Start
2025-05-16 02:35:29,277 - file_logger - INFO - THB Start
2025-05-16 02:35:29,278 - file_logger - INFO - SGD Start
2025-05-16 02:35:29,279 - file_logger - INFO - ZAR Start
2025-05-16 02:35:29,289 - file_logger - INFO - TTD Start
2025-05-16 02:35:29,588 - file_logger - INFO - parssing info 
2025-05-16 02:35:29,592 - file_logger - INFO - parssing info 
2025-05-16 02:35:29,594 - file_logger - INFO - parssing info 
2025-05-16 02:35:29,601 - file_logger - INFO - parssing info 
2025-05-16 02:35:29,604 - file_logger - INFO - parssing info 
2025-05-16 02:35:29,609 - file_logger - INFO - parssing info 
2025-05-16 02:35:29,612 - file_logger - INFO - parssing info 
2025-05-16 02:35:29,618 - file_logger - INFO - parssing info 
2025-05-16 02:35:29,627 - file_logger - INFO - parssing info 
2025-05-16 02:35:29,632 - file_logger - INFO - parssing info 
2025-05-16 02:35:29,651 - file_logger - INFO - parssing info 
2025-05-16 02:35:29,661 - file_logger - INFO - parssing info 
2025-05-16 02:35:29,666 - file_logger - INFO - parssing info 
2025-05-16 02:35:29,672 - file_logger - INFO - parssing info 
2025-05-16 02:35:29,677 - file_logger - INFO - parssing info 
2025-05-16 02:35:29,680 - file_logger - INFO - parssing info 
2025-05-16 02:35:29,688 - file_logger - INFO - parssing info 
2025-05-16 02:35:29,715 - file_logger - INFO - BWP Done
2025-05-16 02:35:29,728 - file_logger - INFO - parssing info 
2025-05-16 02:35:29,735 - file_logger - INFO - parssing info 
2025-05-16 02:35:29,741 - file_logger - INFO - parssing info 
2025-05-16 02:35:29,744 - file_logger - INFO - parssing info 
2025-05-16 02:35:29,750 - file_logger - INFO - ISK Done
2025-05-16 02:35:29,765 - file_logger - INFO - parssing info 
2025-05-16 02:35:29,770 - file_logger - INFO - parssing info 
2025-05-16 02:35:29,774 - file_logger - INFO - parssing info 
2025-05-16 02:35:29,776 - file_logger - INFO - parssing info 
2025-05-16 02:35:29,782 - file_logger - INFO - parssing info 
2025-05-16 02:35:29,787 - file_logger - INFO - parssing info 
2025-05-16 02:35:29,790 - file_logger - INFO - parssing info 
2025-05-16 02:35:29,794 - file_logger - INFO - parssing info 
2025-05-16 02:35:29,798 - file_logger - INFO - parssing info 
2025-05-16 02:35:29,804 - file_logger - INFO - parssing info 
2025-05-16 02:35:29,807 - file_logger - INFO - parssing info 
2025-05-16 02:35:29,808 - file_logger - INFO - parssing info 
2025-05-16 02:35:29,813 - file_logger - INFO - parssing info 
2025-05-16 02:35:29,816 - file_logger - INFO - parssing info 
2025-05-16 02:35:29,817 - file_logger - INFO - parssing info 
2025-05-16 02:35:29,820 - file_logger - INFO - parssing info 
2025-05-16 02:35:29,831 - file_logger - INFO - CNY Done
2025-05-16 02:35:29,831 - file_logger - INFO - COP Done
2025-05-16 02:35:29,874 - file_logger - INFO - DZD Done
2025-05-16 02:35:29,897 - file_logger - INFO - ILS Done
2025-05-16 02:35:29,897 - file_logger - INFO - BND Done
2025-05-16 02:35:29,940 - file_logger - INFO - HUF Done
2025-05-16 02:35:29,950 - file_logger - INFO - SEK Done
2025-05-16 02:35:29,951 - file_logger - INFO - NOK Done
2025-05-16 02:35:29,952 - file_logger - INFO - AUD Done
2025-05-16 02:35:29,953 - file_logger - INFO - PLN Done
2025-05-16 02:35:29,959 - file_logger - INFO - KWD Done
2025-05-16 02:35:29,971 - file_logger - INFO - NZD Done
2025-05-16 02:35:29,983 - file_logger - INFO - KZT Done
2025-05-16 02:35:29,984 - file_logger - INFO - NPR Done
2025-05-16 02:35:29,992 - file_logger - INFO - CZK Done
2025-05-16 02:35:29,995 - file_logger - INFO - SGD Done
2025-05-16 02:35:30,002 - file_logger - INFO - LYD Done
2025-05-16 02:35:30,002 - file_logger - INFO - CAD Done
2025-05-16 02:35:30,008 - file_logger - INFO - CLP Done
2025-05-16 02:35:30,014 - file_logger - INFO - LKR Done
2025-05-16 02:35:30,015 - file_logger - INFO - IDR Done
2025-05-16 02:35:30,021 - file_logger - INFO - KRW Done
2025-05-16 02:35:30,027 - file_logger - INFO - ZAR Done
2025-05-16 02:35:30,027 - file_logger - INFO - INR Done
2025-05-16 02:35:30,027 - file_logger - INFO - QAR Done
2025-05-16 02:35:30,027 - file_logger - INFO - MUR Done
2025-05-16 02:35:30,028 - file_logger - INFO - DKK Done
2025-05-16 02:35:30,029 - file_logger - INFO - SAR Done
2025-05-16 02:35:30,029 - file_logger - INFO - THB Done
2025-05-16 02:35:30,029 - file_logger - INFO - RUB Done
2025-05-16 02:35:30,030 - file_logger - INFO - CHF Done
2025-05-16 02:35:30,046 - file_logger - INFO - PKR Done
2025-05-16 02:35:30,046 - file_logger - INFO - TTD Done
2025-05-16 02:35:30,046 - file_logger - INFO - MYR Done
2025-05-16 02:35:30,046 - file_logger - INFO - OMR Done
2025-05-16 02:35:30,047 - file_logger - INFO - Program Finished - ALL THE SCROLLS ARE BACK
