2025-04-11 20:20:19 | logGLfolder\log_utils_db.log | CRITICAL | Database corruption
2025-04-11 20:20:19 | logGLfolder\log_utils_db.log | ERROR |  System failure
2025-04-11 20:20:19 | logGLfolder\log_utils_db.log | WARNING | Database corruption
2025-04-11 20:20:19 | logGLfolder\log_utils_db.log | WARNING |  System failure
2025-04-11 20:20:19 | logGLfolder\log_utils_db.log | INFO | Database corruption
2025-04-11 20:20:19 | logGLfolder\log_utils_db.log | INFO | Database corruption
2025-04-11 20:20:19 | logGLfolder\log_utils_db.log | CRITICAL | Disk failure detected
2025-04-11 20:20:19 | logGLfolder\log_utils_db.log | ERROR | Database corruption
2025-04-11 20:20:19 | logGLfolder\log_utils_db.log | INFO | Database corruption
2025-04-11 20:20:19 | logGLfolder\log_utils_db.log | INFO |  System failure
2025-04-11 20:20:19 | logGLfolder\log_utils_db.log | ERROR | Disk failure detected
2025-04-11 20:20:19 | logGLfolder\log_utils_db.log | INFO | Database corruption
2025-04-11 20:20:19 | logGLfolder\log_utils_db.log | CRITICAL | Database corruption
2025-04-11 20:20:19 | logGLfolder\log_utils_db.log | ERROR | Disk failure detected
2025-04-11 20:20:19 | logGLfolder\log_utils_db.log | INFO | Disk failure detected
2025-04-11 20:20:19 | logGLfolder\log_utils_db.log | INFO |  System failure
2025-04-11 20:20:19 | logGLfolder\log_utils_db.log | INFO | Database corruption
2025-04-11 20:20:19 | logGLfolder\log_utils_db.log | ERROR | Disk failure detected
2025-04-27 12:54:28 | logGLfolder\log_utils_db.log | WARNING |  System failure
2025-04-27 12:54:28 | logGLfolder\log_utils_db.log | ERROR | Disk failure detected
2025-04-27 12:54:28 | logGLfolder\log_utils_db.log | ERROR |  System failure
2025-04-27 12:54:28 | logGLfolder\log_utils_db.log | WARNING | Database corruption
2025-04-27 12:54:28 | logGLfolder\log_utils_db.log | ERROR | Database corruption
2025-04-27 12:54:28 | logGLfolder\log_utils_db.log | INFO | Disk failure detected
2025-04-27 12:54:28 | logGLfolder\log_utils_db.log | INFO | Database corruption
2025-04-27 12:54:28 | logGLfolder\log_utils_db.log | ERROR |  System failure
2025-04-27 12:54:28 | logGLfolder\log_utils_db.log | INFO |  System failure
2025-04-27 12:54:28 | logGLfolder\log_utils_db.log | INFO | Database corruption
2025-04-27 12:54:28 | logGLfolder\log_utils_db.log | INFO | Disk failure detected
2025-04-27 12:54:28 | logGLfolder\log_utils_db.log | CRITICAL |  System failure
2025-04-27 12:54:28 | logGLfolder\log_utils_db.log | ERROR | Database corruption
2025-04-27 12:54:33 | logGLfolder\log_utils_db.log | WARNING | Database corruption
2025-04-27 12:54:33 | logGLfolder\log_utils_db.log | WARNING |  System failure
2025-04-27 12:54:33 | logGLfolder\log_utils_db.log | CRITICAL | Database corruption
2025-04-27 12:54:33 | logGLfolder\log_utils_db.log | WARNING | Disk failure detected
2025-04-27 12:54:33 | logGLfolder\log_utils_db.log | CRITICAL | Disk failure detected
2025-04-27 12:54:33 | logGLfolder\log_utils_db.log | WARNING | Database corruption
2025-04-27 12:54:33 | logGLfolder\log_utils_db.log | WARNING | Disk failure detected
2025-04-27 12:54:33 | logGLfolder\log_utils_db.log | CRITICAL | Disk failure detected
2025-04-27 12:54:33 | logGLfolder\log_utils_db.log | INFO | Database corruption
2025-04-27 12:54:33 | logGLfolder\log_utils_db.log | ERROR |  System failure
2025-04-27 12:54:33 | logGLfolder\log_utils_db.log | ERROR |  System failure
2025-04-27 12:54:33 | logGLfolder\log_utils_db.log | WARNING |  System failure
2025-04-27 12:54:33 | logGLfolder\log_utils_db.log | ERROR | Database corruption
2025-04-27 12:54:33 | logGLfolder\log_utils_db.log | ERROR | Database corruption
2025-04-27 12:54:33 | logGLfolder\log_utils_db.log | INFO | Database corruption
2025-04-27 12:54:33 | logGLfolder\log_utils_db.log | CRITICAL | Disk failure detected
2025-04-27 12:54:33 | logGLfolder\log_utils_db.log | WARNING | Database corruption
2025-04-27 13:10:09 | logGLfolder\log_utils_db.log | CRITICAL |  System failure
2025-04-27 13:10:09 | logGLfolder\log_utils_db.log | WARNING | Disk failure detected
2025-04-27 13:10:09 | logGLfolder\log_utils_db.log | WARNING |  System failure
2025-04-27 13:10:09 | logGLfolder\log_utils_db.log | WARNING |  System failure
2025-04-27 13:10:09 | logGLfolder\log_utils_db.log | WARNING | Disk failure detected
2025-04-27 13:10:09 | logGLfolder\log_utils_db.log | INFO | Disk failure detected
2025-04-27 13:10:09 | logGLfolder\log_utils_db.log | INFO |  System failure
2025-04-27 13:10:09 | logGLfolder\log_utils_db.log | ERROR | Database corruption
2025-04-27 13:10:09 | logGLfolder\log_utils_db.log | CRITICAL |  System failure
2025-04-27 13:10:09 | logGLfolder\log_utils_db.log | INFO | Database corruption
2025-04-27 13:10:09 | logGLfolder\log_utils_db.log | WARNING | Disk failure detected
2025-04-27 13:10:09 | logGLfolder\log_utils_db.log | CRITICAL |  System failure
2025-04-27 13:10:09 | logGLfolder\log_utils_db.log | CRITICAL |  System failure
2025-04-27 13:10:09 | logGLfolder\log_utils_db.log | INFO | Database corruption
2025-04-27 13:10:09 | logGLfolder\log_utils_db.log | ERROR | Disk failure detected
2025-04-27 13:10:09 | logGLfolder\log_utils_db.log | INFO | Database corruption
2025-04-27 13:10:09 | logGLfolder\log_utils_db.log | CRITICAL |  System failure
2025-04-27 13:11:10 | logGLfolder\log_utils_db.log | INFO | Disk failure detected
2025-04-27 13:11:10 | logGLfolder\log_utils_db.log | INFO | Database corruption
2025-04-27 13:11:10 | logGLfolder\log_utils_db.log | CRITICAL | Database corruption
2025-04-27 13:11:10 | logGLfolder\log_utils_db.log | ERROR |  System failure
2025-04-27 13:11:10 | logGLfolder\log_utils_db.log | INFO | Database corruption
2025-04-27 13:11:10 | logGLfolder\log_utils_db.log | ERROR |  System failure
2025-04-27 13:11:10 | logGLfolder\log_utils_db.log | CRITICAL |  System failure
2025-04-27 13:11:10 | logGLfolder\log_utils_db.log | ERROR | Disk failure detected
2025-04-27 13:11:10 | logGLfolder\log_utils_db.log | INFO | Database corruption
2025-04-27 13:11:10 | logGLfolder\log_utils_db.log | CRITICAL |  System failure
2025-04-27 13:11:10 | logGLfolder\log_utils_db.log | ERROR | Database corruption
2025-04-27 13:11:10 | logGLfolder\log_utils_db.log | WARNING | Disk failure detected
2025-04-27 13:11:10 | logGLfolder\log_utils_db.log | WARNING |  System failure
2025-04-27 13:11:10 | logGLfolder\log_utils_db.log | CRITICAL | Disk failure detected
2025-04-27 13:11:10 | logGLfolder\log_utils_db.log | ERROR | Disk failure detected
2025-04-27 13:11:10 | logGLfolder\log_utils_db.log | ERROR |  System failure
2025-04-27 13:11:10 | logGLfolder\log_utils_db.log | INFO |  System failure
2025-04-27 13:11:10 | logGLfolder\log_utils_db.log | CRITICAL | Database corruption
2025-04-27 13:11:10 | logGLfolder\log_utils_db.log | ERROR | Database corruption
2025-04-27 13:13:53 | logGLfolder\log_utils_db.log | ERROR | Database corruption
2025-04-27 13:13:53 | logGLfolder\log_utils_db.log | CRITICAL | Database corruption
2025-04-27 13:13:53 | logGLfolder\log_utils_db.log | CRITICAL | Disk failure detected
2025-04-27 13:13:53 | logGLfolder\log_utils_db.log | ERROR | Disk failure detected
2025-04-27 13:13:53 | logGLfolder\log_utils_db.log | INFO | Disk failure detected
2025-04-27 13:13:53 | logGLfolder\log_utils_db.log | WARNING | Database corruption
2025-04-27 13:13:53 | logGLfolder\log_utils_db.log | CRITICAL | Database corruption
2025-04-27 13:13:53 | logGLfolder\log_utils_db.log | WARNING | Database corruption
2025-04-27 13:13:53 | logGLfolder\log_utils_db.log | WARNING | Database corruption
2025-04-27 13:13:53 | logGLfolder\log_utils_db.log | WARNING |  System failure
2025-04-27 13:13:53 | logGLfolder\log_utils_db.log | CRITICAL | Database corruption
2025-04-27 13:13:53 | logGLfolder\log_utils_db.log | WARNING | Database corruption
2025-04-27 13:13:53 | logGLfolder\log_utils_db.log | INFO | Disk failure detected
2025-04-27 13:13:53 | logGLfolder\log_utils_db.log | WARNING | Database corruption
2025-04-27 13:13:53 | logGLfolder\log_utils_db.log | INFO | Database corruption
2025-04-27 13:13:53 | logGLfolder\log_utils_db.log | CRITICAL | Database corruption
2025-04-27 13:13:53 | logGLfolder\log_utils_db.log | WARNING |  System failure
2025-04-27 13:14:21 | logGLfolder\log_utils_db.log | CRITICAL | Database corruption
2025-04-27 13:14:21 | logGLfolder\log_utils_db.log | CRITICAL | Database corruption
2025-04-27 13:14:21 | logGLfolder\log_utils_db.log | ERROR |  System failure
2025-04-27 13:14:21 | logGLfolder\log_utils_db.log | CRITICAL | Database corruption
2025-04-27 13:14:21 | logGLfolder\log_utils_db.log | CRITICAL |  System failure
2025-04-27 13:14:21 | logGLfolder\log_utils_db.log | WARNING | Database corruption
2025-04-27 13:14:21 | logGLfolder\log_utils_db.log | CRITICAL | Disk failure detected
2025-04-27 13:14:21 | logGLfolder\log_utils_db.log | INFO | Database corruption
2025-04-27 13:14:21 | logGLfolder\log_utils_db.log | CRITICAL |  System failure
2025-04-27 13:14:21 | logGLfolder\log_utils_db.log | INFO | Database corruption
2025-04-27 13:14:21 | logGLfolder\log_utils_db.log | CRITICAL | Database corruption
2025-04-27 13:14:21 | logGLfolder\log_utils_db.log | INFO |  System failure
2025-04-27 13:14:21 | logGLfolder\log_utils_db.log | ERROR | Database corruption
2025-04-27 13:14:21 | logGLfolder\log_utils_db.log | WARNING | Database corruption
2025-04-27 13:14:21 | logGLfolder\log_utils_db.log | ERROR | Database corruption
2025-04-27 13:14:21 | logGLfolder\log_utils_db.log | WARNING | Disk failure detected
2025-04-27 13:14:21 | logGLfolder\log_utils_db.log | INFO |  System failure
2025-04-27 13:14:41 | logGLfolder\log_utils_db.log | CRITICAL | Database corruption
2025-04-27 13:14:41 | logGLfolder\log_utils_db.log | CRITICAL | Disk failure detected
2025-04-27 13:14:41 | logGLfolder\log_utils_db.log | CRITICAL | Disk failure detected
2025-04-27 13:14:41 | logGLfolder\log_utils_db.log | WARNING | Disk failure detected
2025-04-27 13:14:41 | logGLfolder\log_utils_db.log | ERROR | Database corruption
2025-04-27 13:14:41 | logGLfolder\log_utils_db.log | INFO | Database corruption
2025-04-27 13:14:41 | logGLfolder\log_utils_db.log | CRITICAL | Disk failure detected
2025-04-27 13:14:41 | logGLfolder\log_utils_db.log | WARNING | Database corruption
2025-04-27 13:14:41 | logGLfolder\log_utils_db.log | INFO | Database corruption
2025-04-27 13:14:41 | logGLfolder\log_utils_db.log | CRITICAL | Database corruption
2025-04-27 13:14:41 | logGLfolder\log_utils_db.log | CRITICAL | Database corruption
2025-04-27 13:14:41 | logGLfolder\log_utils_db.log | INFO | Disk failure detected
2025-04-27 13:14:41 | logGLfolder\log_utils_db.log | ERROR |  System failure
2025-04-27 13:14:41 | logGLfolder\log_utils_db.log | ERROR | Database corruption
2025-04-27 13:14:41 | logGLfolder\log_utils_db.log | ERROR | Database corruption
2025-04-27 13:14:41 | logGLfolder\log_utils_db.log | CRITICAL | Disk failure detected
2025-04-27 13:14:41 | logGLfolder\log_utils_db.log | ERROR | Disk failure detected
2025-04-27 13:14:41 | logGLfolder\log_utils_db.log | WARNING | Disk failure detected
2025-04-27 13:14:41 | logGLfolder\log_utils_db.log | ERROR |  System failure
2025-04-27 13:14:41 | logGLfolder\log_utils_db.log | ERROR | Database corruption
2025-04-27 13:16:13 | logGLfolder\log_utils_db.log | ERROR | Database corruption
2025-04-27 13:16:13 | logGLfolder\log_utils_db.log | ERROR | Database corruption
2025-04-27 13:16:13 | logGLfolder\log_utils_db.log | INFO |  System failure
2025-04-27 13:16:13 | logGLfolder\log_utils_db.log | ERROR | Database corruption
2025-04-27 13:16:13 | logGLfolder\log_utils_db.log | CRITICAL | Database corruption
2025-04-27 13:16:13 | logGLfolder\log_utils_db.log | ERROR | Disk failure detected
2025-04-27 13:16:13 | logGLfolder\log_utils_db.log | CRITICAL | Database corruption
2025-04-27 13:16:13 | logGLfolder\log_utils_db.log | CRITICAL |  System failure
2025-04-27 13:16:13 | logGLfolder\log_utils_db.log | CRITICAL |  System failure
2025-04-27 13:16:13 | logGLfolder\log_utils_db.log | ERROR | Database corruption
2025-04-27 13:16:13 | logGLfolder\log_utils_db.log | INFO | Disk failure detected
2025-04-27 13:16:13 | logGLfolder\log_utils_db.log | WARNING | Database corruption
2025-04-27 13:16:13 | logGLfolder\log_utils_db.log | INFO | Database corruption
2025-04-27 13:16:13 | logGLfolder\log_utils_db.log | WARNING | Disk failure detected
2025-04-27 13:16:13 | logGLfolder\log_utils_db.log | CRITICAL | Database corruption
2025-04-27 13:16:13 | logGLfolder\log_utils_db.log | INFO | Database corruption
2025-04-27 13:16:13 | logGLfolder\log_utils_db.log | WARNING | Database corruption
2025-04-27 13:16:13 | logGLfolder\log_utils_db.log | CRITICAL | Database corruption
2025-04-27 13:16:13 | logGLfolder\log_utils_db.log | WARNING | Database corruption
2025-04-27 13:16:13 | logGLfolder\log_utils_db.log | INFO | Database corruption
2025-04-27 13:16:13 | logGLfolder\log_utils_db.log | ERROR | Database corruption
2025-04-27 13:16:13 | logGLfolder\log_utils_db.log | CRITICAL |  System failure
2025-04-27 13:16:31 | logGLfolder\log_utils_db.log | CRITICAL | Database corruption
2025-04-27 13:16:31 | logGLfolder\log_utils_db.log | ERROR | Database corruption
2025-04-27 13:16:31 | logGLfolder\log_utils_db.log | CRITICAL | Disk failure detected
2025-04-27 13:16:31 | logGLfolder\log_utils_db.log | ERROR | Database corruption
2025-04-27 13:16:31 | logGLfolder\log_utils_db.log | CRITICAL | Database corruption
2025-04-27 13:16:31 | logGLfolder\log_utils_db.log | INFO | Database corruption
2025-04-27 13:16:31 | logGLfolder\log_utils_db.log | ERROR | Database corruption
2025-04-27 13:16:31 | logGLfolder\log_utils_db.log | WARNING | Disk failure detected
2025-04-27 13:16:31 | logGLfolder\log_utils_db.log | INFO | Disk failure detected
2025-04-27 13:16:31 | logGLfolder\log_utils_db.log | WARNING | Database corruption
2025-04-27 13:16:31 | logGLfolder\log_utils_db.log | CRITICAL | Disk failure detected
2025-04-27 13:16:31 | logGLfolder\log_utils_db.log | ERROR | Disk failure detected
2025-04-27 13:16:31 | logGLfolder\log_utils_db.log | ERROR | Database corruption
2025-04-27 13:27:46 | logGLfolder\log_utils_db.log | ERROR | Database corruption
2025-04-27 13:27:46 | logGLfolder\log_utils_db.log | ERROR | Database corruption
2025-04-27 13:27:46 | logGLfolder\log_utils_db.log | INFO | Database corruption
2025-04-27 13:27:46 | logGLfolder\log_utils_db.log | WARNING | Disk failure detected
2025-04-27 13:27:46 | logGLfolder\log_utils_db.log | ERROR | Disk failure detected
2025-04-27 13:27:46 | logGLfolder\log_utils_db.log | WARNING | Database corruption
2025-04-27 13:27:46 | logGLfolder\log_utils_db.log | INFO |  System failure
2025-04-27 13:27:46 | logGLfolder\log_utils_db.log | CRITICAL | Disk failure detected
2025-04-27 13:27:46 | logGLfolder\log_utils_db.log | INFO |  System failure
2025-04-27 13:27:46 | logGLfolder\log_utils_db.log | INFO |  System failure
2025-04-27 13:27:46 | logGLfolder\log_utils_db.log | INFO | Database corruption
2025-04-27 13:27:46 | logGLfolder\log_utils_db.log | WARNING |  System failure
2025-04-27 13:27:46 | logGLfolder\log_utils_db.log | WARNING | Database corruption
2025-04-27 13:27:46 | logGLfolder\log_utils_db.log | INFO | Database corruption
2025-04-27 13:27:46 | logGLfolder\log_utils_db.log | WARNING | Database corruption
2025-04-27 13:27:46 | logGLfolder\log_utils_db.log | INFO |  System failure
2025-04-27 13:27:46 | logGLfolder\log_utils_db.log | CRITICAL | Disk failure detected
2025-04-27 13:27:46 | logGLfolder\log_utils_db.log | ERROR |  System failure
2025-04-27 13:27:46 | logGLfolder\log_utils_db.log | CRITICAL |  System failure
2025-04-27 13:27:46 | logGLfolder\log_utils_db.log | ERROR | Database corruption
2025-04-27 13:32:11 | logGLfolder\log_utils_db.log | ERROR | Database corruption
2025-04-27 13:32:11 | logGLfolder\log_utils_db.log | INFO | Disk failure detected
2025-04-27 13:32:11 | logGLfolder\log_utils_db.log | CRITICAL | Database corruption
2025-04-27 13:32:11 | logGLfolder\log_utils_db.log | ERROR | Disk failure detected
2025-04-27 13:32:11 | logGLfolder\log_utils_db.log | ERROR | Database corruption
2025-04-27 13:32:11 | logGLfolder\log_utils_db.log | INFO | Database corruption
2025-04-27 13:32:11 | logGLfolder\log_utils_db.log | WARNING | Database corruption
2025-04-27 13:32:11 | logGLfolder\log_utils_db.log | ERROR | Disk failure detected
2025-04-27 13:32:11 | logGLfolder\log_utils_db.log | ERROR | Disk failure detected
2025-04-27 13:32:11 | logGLfolder\log_utils_db.log | WARNING | Database corruption
2025-04-27 13:32:11 | logGLfolder\log_utils_db.log | ERROR | Database corruption
2025-04-27 13:32:11 | logGLfolder\log_utils_db.log | INFO | Disk failure detected
2025-04-27 13:32:11 | logGLfolder\log_utils_db.log | CRITICAL | Database corruption
2025-04-27 13:32:11 | logGLfolder\log_utils_db.log | ERROR | Database corruption
2025-04-27 13:32:11 | logGLfolder\log_utils_db.log | INFO |  System failure
2025-04-27 13:32:11 | logGLfolder\log_utils_db.log | CRITICAL | Database corruption
2025-04-27 13:32:11 | logGLfolder\log_utils_db.log | CRITICAL | Disk failure detected
2025-04-27 13:32:11 | logGLfolder\log_utils_db.log | INFO |  System failure
2025-04-27 13:32:11 | logGLfolder\log_utils_db.log | INFO |  System failure
2025-04-27 13:32:11 | logGLfolder\log_utils_db.log | ERROR | Database corruption
2025-04-27 13:32:11 | logGLfolder\log_utils_db.log | INFO | Database corruption
2025-04-27 13:32:11 | logGLfolder\log_utils_db.log | INFO |  System failure
2025-04-27 13:32:11 | logGLfolder\log_utils_db.log | INFO | Disk failure detected
2025-04-27 13:32:11 | logGLfolder\log_utils_db.log | INFO |  System failure
2025-04-27 13:32:11 | logGLfolder\log_utils_db.log | INFO | Database corruption
2025-04-27 13:32:11 | logGLfolder\log_utils_db.log | CRITICAL | Disk failure detected
2025-04-27 13:32:11 | logGLfolder\log_utils_db.log | INFO | Database corruption
2025-04-27 13:32:11 | logGLfolder\log_utils_db.log | CRITICAL | Disk failure detected
2025-04-27 13:32:11 | logGLfolder\log_utils_db.log | WARNING | Disk failure detected
2025-04-27 13:32:11 | logGLfolder\log_utils_db.log | WARNING |  System failure
2025-04-27 13:33:55 | logGLfolder\log_utils_db.log | ERROR | Database corruption
2025-04-27 13:33:55 | logGLfolder\log_utils_db.log | CRITICAL | Disk failure detected
2025-04-27 13:33:55 | logGLfolder\log_utils_db.log | INFO | Database corruption
2025-04-27 13:33:55 | logGLfolder\log_utils_db.log | CRITICAL |  System failure
2025-04-27 13:33:55 | logGLfolder\log_utils_db.log | INFO | Database corruption
2025-04-27 13:33:55 | logGLfolder\log_utils_db.log | INFO | Database corruption
2025-04-27 13:33:55 | logGLfolder\log_utils_db.log | INFO | Database corruption
2025-04-27 13:33:55 | logGLfolder\log_utils_db.log | CRITICAL | Database corruption
2025-04-27 13:33:55 | logGLfolder\log_utils_db.log | INFO | Database corruption
2025-04-27 13:33:55 | logGLfolder\log_utils_db.log | WARNING | Disk failure detected
2025-04-27 13:33:55 | logGLfolder\log_utils_db.log | ERROR | Database corruption
2025-04-27 13:33:55 | logGLfolder\log_utils_db.log | ERROR | Disk failure detected
2025-04-27 13:33:55 | logGLfolder\log_utils_db.log | WARNING | Database corruption
2025-04-27 13:33:55 | logGLfolder\log_utils_db.log | INFO | Disk failure detected
2025-04-27 13:33:55 | logGLfolder\log_utils_db.log | CRITICAL |  System failure
2025-04-27 13:34:25 | logGLfolder\log_utils_db.log | ERROR | Disk failure detected
2025-04-27 13:34:25 | logGLfolder\log_utils_db.log | INFO | Database corruption
2025-04-27 13:34:25 | logGLfolder\log_utils_db.log | WARNING | Disk failure detected
2025-04-27 13:34:25 | logGLfolder\log_utils_db.log | CRITICAL | Database corruption
2025-04-27 13:34:25 | logGLfolder\log_utils_db.log | ERROR |  System failure
2025-04-27 13:34:25 | logGLfolder\log_utils_db.log | CRITICAL | Disk failure detected
2025-04-27 13:34:25 | logGLfolder\log_utils_db.log | ERROR | Database corruption
2025-04-27 13:34:25 | logGLfolder\log_utils_db.log | ERROR | Database corruption
2025-04-27 13:34:25 | logGLfolder\log_utils_db.log | WARNING | Disk failure detected
2025-04-27 13:34:25 | logGLfolder\log_utils_db.log | ERROR | Disk failure detected
2025-04-27 13:34:25 | logGLfolder\log_utils_db.log | INFO | Database corruption
2025-04-27 13:34:25 | logGLfolder\log_utils_db.log | ERROR | Database corruption
2025-04-27 13:34:25 | logGLfolder\log_utils_db.log | INFO | Disk failure detected
2025-04-27 13:34:25 | logGLfolder\log_utils_db.log | CRITICAL | Database corruption
2025-04-27 13:34:25 | logGLfolder\log_utils_db.log | INFO |  System failure
2025-04-27 13:36:32 | logGLfolder\log_utils_db.log | INFO | Disk failure detected
2025-04-27 13:36:32 | logGLfolder\log_utils_db.log | CRITICAL | Disk failure detected
2025-04-27 13:36:32 | logGLfolder\log_utils_db.log | INFO |  System failure
2025-04-27 13:36:32 | logGLfolder\log_utils_db.log | ERROR |  System failure
2025-04-27 13:36:32 | logGLfolder\log_utils_db.log | CRITICAL | Database corruption
2025-04-27 13:36:32 | logGLfolder\log_utils_db.log | CRITICAL | Database corruption
2025-04-27 13:36:32 | logGLfolder\log_utils_db.log | CRITICAL | Database corruption
2025-04-27 13:36:32 | logGLfolder\log_utils_db.log | CRITICAL |  System failure
2025-04-27 13:36:32 | logGLfolder\log_utils_db.log | CRITICAL | Database corruption
2025-04-27 13:36:32 | logGLfolder\log_utils_db.log | WARNING | Database corruption
2025-04-27 13:36:32 | logGLfolder\log_utils_db.log | CRITICAL | Database corruption
2025-04-27 13:36:32 | logGLfolder\log_utils_db.log | WARNING | Disk failure detected
2025-04-27 13:36:32 | logGLfolder\log_utils_db.log | INFO | Database corruption
2025-04-27 13:36:32 | logGLfolder\log_utils_db.log | ERROR | Database corruption
2025-04-27 13:36:32 | logGLfolder\log_utils_db.log | ERROR | Database corruption
2025-04-27 13:36:32 | logGLfolder\log_utils_db.log | INFO | Disk failure detected
2025-04-27 13:36:32 | logGLfolder\log_utils_db.log | ERROR | Database corruption
2025-04-27 13:36:32 | logGLfolder\log_utils_db.log | INFO | Disk failure detected
2025-04-27 13:37:10 | logGLfolder\log_utils_db.log | ERROR | Database corruption
2025-04-27 13:37:10 | logGLfolder\log_utils_db.log | INFO |  System failure
2025-04-27 13:37:10 | logGLfolder\log_utils_db.log | WARNING | Database corruption
2025-04-27 13:37:10 | logGLfolder\log_utils_db.log | INFO | Disk failure detected
2025-04-27 13:37:10 | logGLfolder\log_utils_db.log | INFO |  System failure
2025-04-27 13:37:10 | logGLfolder\log_utils_db.log | INFO | Database corruption
2025-04-27 13:37:10 | logGLfolder\log_utils_db.log | ERROR | Database corruption
2025-04-27 13:37:10 | logGLfolder\log_utils_db.log | CRITICAL | Database corruption
2025-04-27 13:37:10 | logGLfolder\log_utils_db.log | CRITICAL | Database corruption
2025-04-27 13:37:10 | logGLfolder\log_utils_db.log | WARNING |  System failure
2025-04-27 13:37:10 | logGLfolder\log_utils_db.log | ERROR |  System failure
2025-04-27 13:37:10 | logGLfolder\log_utils_db.log | INFO | Disk failure detected
2025-04-27 13:37:10 | logGLfolder\log_utils_db.log | WARNING | Disk failure detected
2025-04-27 13:37:10 | logGLfolder\log_utils_db.log | CRITICAL |  System failure
2025-04-27 13:37:10 | logGLfolder\log_utils_db.log | INFO | Disk failure detected
2025-04-27 13:37:10 | logGLfolder\log_utils_db.log | WARNING | Disk failure detected
2025-04-27 13:37:10 | logGLfolder\log_utils_db.log | INFO |  System failure
2025-04-27 13:37:10 | logGLfolder\log_utils_db.log | WARNING |  System failure
2025-04-27 13:37:10 | logGLfolder\log_utils_db.log | WARNING |  System failure
2025-04-27 13:37:10 | logGLfolder\log_utils_db.log | ERROR |  System failure
2025-04-27 13:37:10 | logGLfolder\log_utils_db.log | CRITICAL | Database corruption
2025-04-27 13:38:50 | logGLfolder\log_utils_db.log | ERROR | Database corruption
2025-04-27 13:38:50 | logGLfolder\log_utils_db.log | CRITICAL | Database corruption
2025-04-27 13:38:50 | logGLfolder\log_utils_db.log | WARNING | Disk failure detected
2025-04-27 13:38:50 | logGLfolder\log_utils_db.log | INFO |  System failure
2025-04-27 13:38:50 | logGLfolder\log_utils_db.log | INFO | Database corruption
2025-04-27 13:38:50 | logGLfolder\log_utils_db.log | CRITICAL | Database corruption
2025-04-27 13:38:50 | logGLfolder\log_utils_db.log | CRITICAL | Database corruption
2025-04-27 13:38:50 | logGLfolder\log_utils_db.log | INFO |  System failure
2025-04-27 13:38:50 | logGLfolder\log_utils_db.log | ERROR | Database corruption
2025-04-27 13:38:50 | logGLfolder\log_utils_db.log | ERROR | Database corruption
2025-04-27 13:39:21 | logGLfolder\log_utils_db.log | ERROR | Disk failure detected
2025-04-27 13:39:21 | logGLfolder\log_utils_db.log | INFO | Database corruption
2025-04-27 13:39:21 | logGLfolder\log_utils_db.log | WARNING |  System failure
2025-04-27 13:39:21 | logGLfolder\log_utils_db.log | CRITICAL |  System failure
2025-04-27 13:39:21 | logGLfolder\log_utils_db.log | WARNING | Database corruption
2025-04-27 13:39:21 | logGLfolder\log_utils_db.log | ERROR | Database corruption
2025-04-27 13:39:21 | logGLfolder\log_utils_db.log | CRITICAL | Database corruption
2025-04-27 13:39:21 | logGLfolder\log_utils_db.log | INFO | Database corruption
2025-04-27 13:39:21 | logGLfolder\log_utils_db.log | INFO |  System failure
2025-04-27 13:39:21 | logGLfolder\log_utils_db.log | ERROR | Disk failure detected
2025-04-27 13:39:21 | logGLfolder\log_utils_db.log | INFO | Database corruption
2025-04-27 13:39:21 | logGLfolder\log_utils_db.log | ERROR | Database corruption
2025-04-27 13:39:21 | logGLfolder\log_utils_db.log | ERROR | Disk failure detected
2025-04-27 13:42:04 | logGLfolder\log_utils_db.log | INFO |  System failure
2025-04-27 13:42:04 | logGLfolder\log_utils_db.log | CRITICAL | Disk failure detected
2025-04-27 13:42:04 | logGLfolder\log_utils_db.log | INFO | Database corruption
2025-04-27 13:42:04 | logGLfolder\log_utils_db.log | CRITICAL |  System failure
2025-04-27 13:42:04 | logGLfolder\log_utils_db.log | CRITICAL | Database corruption
2025-04-27 13:42:04 | logGLfolder\log_utils_db.log | INFO |  System failure
2025-04-27 13:42:04 | logGLfolder\log_utils_db.log | WARNING | Disk failure detected
2025-04-27 13:42:04 | logGLfolder\log_utils_db.log | INFO | Database corruption
2025-04-27 13:42:04 | logGLfolder\log_utils_db.log | WARNING | Disk failure detected
2025-04-27 13:42:04 | logGLfolder\log_utils_db.log | CRITICAL | Database corruption
2025-04-27 13:42:04 | logGLfolder\log_utils_db.log | ERROR |  System failure
2025-04-27 13:42:04 | logGLfolder\log_utils_db.log | INFO | Disk failure detected
2025-04-27 13:42:04 | logGLfolder\log_utils_db.log | WARNING | Database corruption
2025-04-27 13:42:04 | logGLfolder\log_utils_db.log | CRITICAL |  System failure
2025-04-27 13:42:04 | logGLfolder\log_utils_db.log | WARNING | Disk failure detected
2025-04-27 13:42:37 | logGLfolder\log_utils_db.log | ERROR | Database corruption
2025-04-27 13:42:37 | logGLfolder\log_utils_db.log | ERROR |  System failure
2025-04-27 13:42:37 | logGLfolder\log_utils_db.log | WARNING |  System failure
2025-04-27 13:42:37 | logGLfolder\log_utils_db.log | CRITICAL |  System failure
2025-04-27 13:42:37 | logGLfolder\log_utils_db.log | CRITICAL | Database corruption
2025-04-27 13:42:37 | logGLfolder\log_utils_db.log | INFO |  System failure
2025-04-27 13:42:37 | logGLfolder\log_utils_db.log | INFO | Database corruption
2025-04-27 13:42:37 | logGLfolder\log_utils_db.log | CRITICAL |  System failure
2025-04-27 13:42:37 | logGLfolder\log_utils_db.log | ERROR | Database corruption
2025-04-27 13:42:37 | logGLfolder\log_utils_db.log | WARNING | Database corruption
2025-04-27 13:42:37 | logGLfolder\log_utils_db.log | INFO | Database corruption
2025-04-27 13:42:37 | logGLfolder\log_utils_db.log | ERROR | Database corruption
2025-04-27 13:42:37 | logGLfolder\log_utils_db.log | CRITICAL | Disk failure detected
2025-04-27 13:42:37 | logGLfolder\log_utils_db.log | WARNING | Database corruption
2025-04-27 13:42:37 | logGLfolder\log_utils_db.log | CRITICAL |  System failure
2025-04-27 13:47:09 | logGLfolder\log_utils_db.log | ERROR | Disk failure detected
2025-04-27 13:47:09 | logGLfolder\log_utils_db.log | ERROR |  System failure
2025-04-27 13:47:09 | logGLfolder\log_utils_db.log | ERROR | Disk failure detected
2025-04-27 13:47:09 | logGLfolder\log_utils_db.log | WARNING | Disk failure detected
2025-04-27 13:47:09 | logGLfolder\log_utils_db.log | CRITICAL | Database corruption
2025-04-27 13:47:09 | logGLfolder\log_utils_db.log | ERROR |  System failure
2025-04-27 13:47:09 | logGLfolder\log_utils_db.log | WARNING | Disk failure detected
2025-04-27 13:47:09 | logGLfolder\log_utils_db.log | WARNING | Database corruption
2025-04-27 13:47:09 | logGLfolder\log_utils_db.log | ERROR | Disk failure detected
2025-04-27 13:47:09 | logGLfolder\log_utils_db.log | CRITICAL |  System failure
2025-04-27 13:47:09 | logGLfolder\log_utils_db.log | INFO |  System failure
2025-04-27 13:47:09 | logGLfolder\log_utils_db.log | CRITICAL |  System failure
2025-04-27 13:47:09 | logGLfolder\log_utils_db.log | ERROR | Database corruption
2025-04-27 13:53:36 | logGLfolder\log_utils_db.log | WARNING | Database corruption
2025-04-27 13:53:36 | logGLfolder\log_utils_db.log | WARNING | Database corruption
2025-04-27 13:53:36 | logGLfolder\log_utils_db.log | CRITICAL | Disk failure detected
2025-04-27 13:53:36 | logGLfolder\log_utils_db.log | CRITICAL | Database corruption
2025-04-27 13:53:36 | logGLfolder\log_utils_db.log | INFO | Disk failure detected
2025-04-27 13:53:36 | logGLfolder\log_utils_db.log | INFO | Database corruption
2025-04-27 13:53:36 | logGLfolder\log_utils_db.log | WARNING | Database corruption
2025-04-27 13:53:36 | logGLfolder\log_utils_db.log | ERROR | Disk failure detected
2025-04-27 13:53:36 | logGLfolder\log_utils_db.log | ERROR | Database corruption
2025-04-27 13:53:36 | logGLfolder\log_utils_db.log | WARNING | Database corruption
2025-04-27 13:53:36 | logGLfolder\log_utils_db.log | ERROR |  System failure
2025-04-27 13:53:36 | logGLfolder\log_utils_db.log | INFO | Database corruption
2025-04-27 13:53:36 | logGLfolder\log_utils_db.log | ERROR |  System failure
2025-04-27 13:53:36 | logGLfolder\log_utils_db.log | ERROR | Disk failure detected
2025-04-27 13:53:36 | logGLfolder\log_utils_db.log | CRITICAL | Disk failure detected
2025-04-27 13:53:36 | logGLfolder\log_utils_db.log | CRITICAL | Disk failure detected
2025-04-27 13:53:36 | logGLfolder\log_utils_db.log | ERROR |  System failure
2025-04-27 13:53:36 | logGLfolder\log_utils_db.log | CRITICAL | Database corruption
2025-04-27 13:53:36 | logGLfolder\log_utils_db.log | CRITICAL | Database corruption
2025-04-27 13:54:23 | logGLfolder\log_utils_db.log | CRITICAL | Database corruption
2025-04-27 13:54:23 | logGLfolder\log_utils_db.log | CRITICAL | Disk failure detected
2025-04-27 13:54:23 | logGLfolder\log_utils_db.log | ERROR | Database corruption
2025-04-27 13:54:23 | logGLfolder\log_utils_db.log | CRITICAL | Disk failure detected
2025-04-27 13:54:23 | logGLfolder\log_utils_db.log | CRITICAL | Database corruption
2025-04-27 13:54:23 | logGLfolder\log_utils_db.log | CRITICAL | Database corruption
2025-04-27 13:54:23 | logGLfolder\log_utils_db.log | INFO | Database corruption
2025-04-27 13:54:23 | logGLfolder\log_utils_db.log | CRITICAL | Database corruption
2025-04-27 13:54:23 | logGLfolder\log_utils_db.log | CRITICAL | Disk failure detected
2025-04-27 13:54:23 | logGLfolder\log_utils_db.log | INFO |  System failure
2025-04-27 13:54:23 | logGLfolder\log_utils_db.log | ERROR | Disk failure detected
2025-04-27 13:54:23 | logGLfolder\log_utils_db.log | WARNING | Database corruption
2025-04-27 13:54:23 | logGLfolder\log_utils_db.log | WARNING | Database corruption
2025-04-27 13:54:23 | logGLfolder\log_utils_db.log | CRITICAL | Database corruption
2025-04-27 13:54:23 | logGLfolder\log_utils_db.log | WARNING | Database corruption
2025-04-27 13:54:23 | logGLfolder\log_utils_db.log | INFO | Database corruption
2025-04-27 13:55:51 | logGLfolder\log_utils_db.log | WARNING | Database corruption
2025-04-27 13:55:51 | logGLfolder\log_utils_db.log | ERROR | Database corruption
2025-04-27 13:55:51 | logGLfolder\log_utils_db.log | WARNING | Database corruption
2025-04-27 13:55:51 | logGLfolder\log_utils_db.log | WARNING |  System failure
2025-04-27 13:55:51 | logGLfolder\log_utils_db.log | INFO | Database corruption
2025-04-27 13:55:51 | logGLfolder\log_utils_db.log | CRITICAL |  System failure
2025-04-27 13:55:51 | logGLfolder\log_utils_db.log | INFO | Database corruption
2025-04-27 13:55:51 | logGLfolder\log_utils_db.log | WARNING |  System failure
2025-04-27 13:55:51 | logGLfolder\log_utils_db.log | WARNING |  System failure
2025-04-27 13:55:51 | logGLfolder\log_utils_db.log | CRITICAL | Database corruption
2025-04-27 13:55:51 | logGLfolder\log_utils_db.log | CRITICAL |  System failure
2025-04-27 13:55:51 | logGLfolder\log_utils_db.log | WARNING | Database corruption
2025-04-27 13:55:51 | logGLfolder\log_utils_db.log | INFO | Database corruption
2025-04-27 13:56:22 | logGLfolder\log_utils_db.log | WARNING | Database corruption
2025-04-27 13:56:22 | logGLfolder\log_utils_db.log | CRITICAL | Database corruption
2025-04-27 13:56:22 | logGLfolder\log_utils_db.log | ERROR | Database corruption
2025-04-27 13:56:22 | logGLfolder\log_utils_db.log | INFO | Database corruption
2025-04-27 13:56:22 | logGLfolder\log_utils_db.log | CRITICAL |  System failure
2025-04-27 13:56:22 | logGLfolder\log_utils_db.log | INFO |  System failure
2025-04-27 13:56:22 | logGLfolder\log_utils_db.log | CRITICAL | Disk failure detected
2025-04-27 13:56:22 | logGLfolder\log_utils_db.log | ERROR | Database corruption
2025-04-27 13:56:22 | logGLfolder\log_utils_db.log | INFO | Disk failure detected
2025-04-27 13:56:22 | logGLfolder\log_utils_db.log | ERROR | Disk failure detected
2025-04-27 13:56:22 | logGLfolder\log_utils_db.log | WARNING | Database corruption
2025-04-27 13:56:22 | logGLfolder\log_utils_db.log | INFO | Database corruption
2025-04-27 13:56:22 | logGLfolder\log_utils_db.log | ERROR |  System failure
2025-04-27 13:56:22 | logGLfolder\log_utils_db.log | INFO |  System failure
2025-04-27 13:56:22 | logGLfolder\log_utils_db.log | CRITICAL | Disk failure detected
2025-04-27 13:56:22 | logGLfolder\log_utils_db.log | ERROR | Disk failure detected
2025-04-27 13:57:46 | logGLfolder\log_utils_db.log | ERROR | Database corruption
2025-04-27 13:57:46 | logGLfolder\log_utils_db.log | INFO | Database corruption
2025-04-27 13:57:46 | logGLfolder\log_utils_db.log | INFO | Disk failure detected
2025-04-27 13:57:46 | logGLfolder\log_utils_db.log | INFO | Disk failure detected
2025-04-27 13:57:46 | logGLfolder\log_utils_db.log | CRITICAL | Disk failure detected
2025-04-27 13:57:46 | logGLfolder\log_utils_db.log | CRITICAL | Database corruption
2025-04-27 13:57:46 | logGLfolder\log_utils_db.log | CRITICAL | Database corruption
2025-04-27 13:57:46 | logGLfolder\log_utils_db.log | WARNING | Database corruption
2025-04-27 13:57:46 | logGLfolder\log_utils_db.log | INFO | Database corruption
2025-04-27 13:57:46 | logGLfolder\log_utils_db.log | CRITICAL | Database corruption
2025-04-27 13:57:46 | logGLfolder\log_utils_db.log | CRITICAL | Database corruption
2025-04-27 13:57:46 | logGLfolder\log_utils_db.log | WARNING | Database corruption
2025-04-27 13:57:46 | logGLfolder\log_utils_db.log | WARNING |  System failure
2025-04-27 15:50:37 | logGLfolder\log_utils_db.log | WARNING | Database corruption
2025-04-27 15:50:37 | logGLfolder\log_utils_db.log | INFO |  System failure
2025-04-27 15:50:37 | logGLfolder\log_utils_db.log | INFO | Disk failure detected
2025-04-27 15:50:37 | logGLfolder\log_utils_db.log | WARNING | Disk failure detected
2025-04-27 15:50:37 | logGLfolder\log_utils_db.log | INFO | Disk failure detected
2025-04-27 15:50:37 | logGLfolder\log_utils_db.log | INFO |  System failure
2025-04-27 15:50:37 | logGLfolder\log_utils_db.log | INFO | Database corruption
2025-04-27 15:50:37 | logGLfolder\log_utils_db.log | WARNING |  System failure
2025-04-27 15:50:37 | logGLfolder\log_utils_db.log | INFO |  System failure
2025-04-27 15:50:37 | logGLfolder\log_utils_db.log | INFO | Database corruption
2025-04-27 15:50:37 | logGLfolder\log_utils_db.log | WARNING |  System failure
2025-04-27 15:50:37 | logGLfolder\log_utils_db.log | ERROR | Database corruption
2025-04-27 15:50:37 | logGLfolder\log_utils_db.log | INFO | Database corruption
2025-04-27 15:50:37 | logGLfolder\log_utils_db.log | INFO | Database corruption
2025-04-27 15:50:37 | logGLfolder\log_utils_db.log | INFO |  System failure
2025-04-27 15:50:37 | logGLfolder\log_utils_db.log | WARNING | Database corruption
