2025-04-11 19:30:30 | ERROR | Database corruption 
2025-04-11 19:30:30 | CRITICAL |  System failure 
2025-04-11 19:30:30 | ERROR | Database corruption 
2025-04-11 19:30:30 | CRITICAL |  System failure 
2025-04-11 19:30:30 | INFO | Database corruption 
2025-04-11 19:30:30 | WARNING | Database corruption 
2025-04-11 19:30:30 | CRITICAL |  System failure 
2025-04-11 19:30:30 | INFO | Database corruption 
2025-04-11 19:30:30 | INFO | Database corruption 
2025-04-11 19:30:30 | WARNING | Database corruption 
2025-04-11 19:30:30 | CRITICAL | Database corruption 
2025-04-11 19:30:30 | ERROR | Database corruption 
2025-04-11 19:30:30 | WARNING |  System failure 
2025-04-11 19:30:30 | CRITICAL |  System failure 
2025-04-11 19:30:30 | CRITICAL | Disk failure detected 
2025-04-11 19:30:30 | ERROR | Disk failure detected 
2025-04-11 19:30:30 | ERROR |  System failure 
2025-04-11 19:30:30 | CRITICAL | Disk failure detected 
2025-04-11 19:30:30 | ERROR |  System failure 
2025-04-11 19:30:30 | ERROR | Disk failure detected 
2025-04-11 19:30:30 | ERROR | Database corruption 
2025-04-11 19:30:30 | WARNING | Database corruption 
2025-04-11 19:30:30 | WARNING |  System failure 
2025-04-11 19:30:30 | INFO |  System failure 
2025-04-11 19:30:30 | WARNING | Database corruption 
2025-04-11 19:30:30 | WARNING | Database corruption 
2025-04-11 19:30:30 | CRITICAL | Disk failure detected 
2025-04-11 19:30:30 | WARNING | Database corruption 
2025-04-11 19:30:30 | CRITICAL |  System failure 
2025-04-11 19:30:30 | ERROR |  System failure 
2025-04-11 19:30:30 | INFO | Database corruption 
2025-04-11 19:30:30 | WARNING | Disk failure detected 
2025-04-11 19:30:30 | CRITICAL | Database corruption 
2025-04-11 19:30:30 | INFO | Database corruption 
2025-04-11 19:30:30 | INFO | Disk failure detected 
2025-04-11 19:30:30 | INFO | Database corruption 
2025-04-11 19:30:30 | INFO | Database corruption 
2025-04-11 19:30:30 | INFO | Database corruption 
2025-04-11 19:30:30 | INFO | Database corruption 
2025-04-11 19:30:30 | WARNING | Database corruption 
2025-04-11 19:30:30 | CRITICAL |  System failure 
2025-04-11 19:30:30 | ERROR | Database corruption 
2025-04-11 19:30:30 | WARNING | Disk failure detected 
2025-04-11 19:30:30 | ERROR | Database corruption 
2025-04-11 19:30:30 | CRITICAL | Disk failure detected 
2025-04-11 19:30:30 | CRITICAL | Database corruption 
2025-04-11 19:30:30 | WARNING | Database corruption 
2025-04-11 19:30:30 | INFO | Database corruption 
2025-04-11 19:30:30 | WARNING | Database corruption 
2025-04-11 19:30:30 | CRITICAL | Database corruption 
2025-04-11 19:30:30 | CRITICAL | Database corruption 
2025-04-11 19:30:30 | ERROR | Database corruption 
2025-04-11 19:30:30 | CRITICAL | Disk failure detected 
2025-04-11 19:30:30 | INFO | Disk failure detected 
2025-04-11 19:30:30 | ERROR | Disk failure detected 
2025-04-11 19:30:30 | WARNING |  System failure 
2025-04-11 19:30:30 | WARNING | Disk failure detected 
2025-04-11 19:30:30 | ERROR | Database corruption 
2025-04-11 19:30:30 | INFO | Disk failure detected 
2025-04-11 19:30:30 | WARNING | Database corruption 
2025-04-11 19:30:30 | ERROR |  System failure 
2025-04-11 19:30:30 | CRITICAL |  System failure 
2025-04-11 19:30:30 | CRITICAL | Database corruption 
2025-04-11 19:30:30 | CRITICAL | Database corruption 
2025-04-11 19:30:30 | CRITICAL | Database corruption 
2025-04-11 19:30:30 | WARNING | Database corruption 
2025-04-11 19:30:30 | INFO | Database corruption 
2025-04-11 19:30:30 | CRITICAL |  System failure 
2025-04-11 19:30:30 | WARNING | Database corruption 
2025-04-11 19:30:30 | CRITICAL | Database corruption 
2025-04-11 19:30:30 | CRITICAL | Database corruption 
2025-04-11 19:30:30 | CRITICAL |  System failure 
2025-04-11 19:30:30 | WARNING | Database corruption 
2025-04-11 19:30:30 | CRITICAL | Disk failure detected 
2025-04-11 19:30:30 | INFO | Disk failure detected 
2025-04-11 19:30:30 | WARNING | Database corruption 
2025-04-11 19:30:30 | INFO | Disk failure detected 
2025-04-11 19:30:30 | INFO |  System failure 
2025-04-11 19:30:30 | INFO | Database corruption 
2025-04-11 19:30:30 | ERROR |  System failure 
2025-04-11 19:30:30 | WARNING | Disk failure detected 
2025-04-11 19:30:30 | WARNING | Database corruption 
2025-04-11 19:30:30 | WARNING | Database corruption 
2025-04-11 19:30:30 | CRITICAL | Database corruption 
2025-04-11 19:30:30 | INFO |  System failure 
2025-04-11 19:30:30 | INFO | Disk failure detected 
2025-04-11 19:30:30 | ERROR | Database corruption 
2025-04-11 19:30:30 | CRITICAL | Database corruption 
2025-04-11 19:30:30 | ERROR | Database corruption 
2025-04-11 19:30:30 | CRITICAL | Disk failure detected 
2025-04-11 19:30:30 | WARNING |  System failure 
2025-04-11 19:30:30 | WARNING | Database corruption 
2025-04-11 19:30:30 | WARNING | Disk failure detected 
2025-04-11 19:30:30 | ERROR | Disk failure detected 
2025-04-11 19:30:30 | ERROR | Disk failure detected 
2025-04-11 19:30:30 | ERROR | Database corruption 
2025-04-11 19:30:30 | CRITICAL | Database corruption 
2025-04-11 19:30:30 | INFO | Database corruption 
2025-04-11 19:30:30 | ERROR |  System failure 
2025-04-11 19:30:30 | CRITICAL |  System failure 
